
> case-002-async-race@1.0.0 test
> node --test

TAP version 13
# Subtest: concurrent gets for the same key call loader exactly once
ok 1 - concurrent gets for the same key call loader exactly once
  ---
  duration_ms: 22.486541
  type: 'test'
  ...
# Subtest: repeated concurrent bursts each load once on a fresh cache
ok 2 - repeated concurrent bursts each load once on a fresh cache
  ---
  duration_ms: 29.5865
  type: 'test'
  ...
# Subtest: different keys load concurrently, not serialized
ok 3 - different keys load concurrently, not serialized
  ---
  duration_ms: 31.123375
  type: 'test'
  ...
# Subtest: a failing loader is not cached and the next call retries
ok 4 - a failing loader is not cached and the next call retries
  ---
  duration_ms: 0.47625
  type: 'test'
  ...
# Subtest: all concurrent callers reject when the shared in-flight load fails
ok 5 - all concurrent callers reject when the shared in-flight load fails
  ---
  duration_ms: 10.7555
  type: 'test'
  ...
# Subtest: loads then caches; a second sequential get does not reload
ok 6 - loads then caches; a second sequential get does not reload
  ---
  duration_ms: 0.530166
  type: 'test'
  ...
# Subtest: clear() drops cached values
ok 7 - clear() drops cached values
  ---
  duration_ms: 0.169916
  type: 'test'
  ...
# Subtest: distinct keys load independently
ok 8 - distinct keys load independently
  ---
  duration_ms: 0.095334
  type: 'test'
  ...
# Subtest: concurrent gets for the same key share one in-flight load
ok 9 - concurrent gets for the same key share one in-flight load
  ---
  duration_ms: 0.844292
  type: 'test'
  ...
# Subtest: different keys can load concurrently
ok 10 - different keys can load concurrently
  ---
  duration_ms: 1.039916
  type: 'test'
  ...
# Subtest: failed loads are not cached
ok 11 - failed loads are not cached
  ---
  duration_ms: 0.501875
  type: 'test'
  ...
1..11
# tests 11
# suites 0
# pass 11
# fail 0
# cancelled 0
# skipped 0
# todo 0
# duration_ms 158.687875
