
> case-003-refactoring@1.0.0 test
> node --test

TAP version 13
# Subtest: SAVE20 over threshold applies 20%
ok 1 - SAVE20 over threshold applies 20%
  ---
  duration_ms: 1.027334
  type: 'test'
  ...
# Subtest: SAVE20 under threshold falls back to 10%
ok 2 - SAVE20 under threshold falls back to 10%
  ---
  duration_ms: 0.14675
  type: 'test'
  ...
# Subtest: HALF coupon is ignored for non-VIP
ok 3 - HALF coupon is ignored for non-VIP
  ---
  duration_ms: 0.776792
  type: 'test'
  ...
# Subtest: VIP floor gives 5% when no coupon
ok 4 - VIP floor gives 5% when no coupon
  ---
  duration_ms: 0.161625
  type: 'test'
  ...
# Subtest: VIP floor never reduces a larger coupon discount
ok 5 - VIP floor never reduces a larger coupon discount
  ---
  duration_ms: 0.285916
  type: 'test'
  ...
# Subtest: express fee is additive on free-shipping tier
ok 6 - express fee is additive on free-shipping tier
  ---
  duration_ms: 0.093709
  type: 'test'
  ...
# Subtest: express fee is additive on the lowest shipping tier
ok 7 - express fee is additive on the lowest shipping tier
  ---
  duration_ms: 0.067292
  type: 'test'
  ...
# Subtest: unknown region uses the 10% default tax
ok 8 - unknown region uses the 10% default tax
  ---
  duration_ms: 0.073625
  type: 'test'
  ...
# Subtest: cent rounding on fractional line totals
ok 9 - cent rounding on fractional line totals
  ---
  duration_ms: 0.520583
  type: 'test'
  ...
# Subtest: basic US order with no coupon
ok 10 - basic US order with no coupon
  ---
  duration_ms: 1.028291
  type: 'test'
  ...
# Subtest: SAVE10 coupon applies 10%
ok 11 - SAVE10 coupon applies 10%
  ---
  duration_ms: 0.15075
  type: 'test'
  ...
# Subtest: SAVE20 coupon uses 10% below 100 and 20% at 100 or more
ok 12 - SAVE20 coupon uses 10% below 100 and 20% at 100 or more
  ---
  duration_ms: 0.711125
  type: 'test'
  ...
# Subtest: HALF coupon for VIP applies 50%
ok 13 - HALF coupon for VIP applies 50%
  ---
  duration_ms: 0.513541
  type: 'test'
  ...
# Subtest: HALF coupon is ignored when the order is not VIP
ok 14 - HALF coupon is ignored when the order is not VIP
  ---
  duration_ms: 0.13225
  type: 'test'
  ...
# Subtest: VIP orders receive at least 5% discount and non-US/EU regions use fallback tax
ok 15 - VIP orders receive at least 5% discount and non-US/EU regions use fallback tax
  ---
  duration_ms: 0.080583
  type: 'test'
  ...
# Subtest: EU tax rate is 20%
ok 16 - EU tax rate is 20%
  ---
  duration_ms: 0.143458
  type: 'test'
  ...
# Subtest: express shipping adds 12 to the base shipping tier
ok 17 - express shipping adds 12 to the base shipping tier
  ---
  duration_ms: 0.157958
  type: 'test'
  ...
# Subtest: empty order still charges base shipping
ok 18 - empty order still charges base shipping
  ---
  duration_ms: 0.331875
  type: 'test'
  ...
1..18
# tests 18
# suites 0
# pass 18
# fail 0
# cancelled 0
# skipped 0
# todo 0
# duration_ms 78.583875
