
> case-003-refactoring@1.0.0 test
> node --test

TAP version 13
# Subtest: SAVE20 over threshold applies 20%
ok 1 - SAVE20 over threshold applies 20%
  ---
  duration_ms: 0.972167
  type: 'test'
  ...
# Subtest: SAVE20 under threshold falls back to 10%
ok 2 - SAVE20 under threshold falls back to 10%
  ---
  duration_ms: 0.148541
  type: 'test'
  ...
# Subtest: HALF coupon is ignored for non-VIP
ok 3 - HALF coupon is ignored for non-VIP
  ---
  duration_ms: 0.484459
  type: 'test'
  ...
# Subtest: VIP floor gives 5% when no coupon
ok 4 - VIP floor gives 5% when no coupon
  ---
  duration_ms: 0.074542
  type: 'test'
  ...
# Subtest: VIP floor never reduces a larger coupon discount
ok 5 - VIP floor never reduces a larger coupon discount
  ---
  duration_ms: 0.163125
  type: 'test'
  ...
# Subtest: express fee is additive on free-shipping tier
ok 6 - express fee is additive on free-shipping tier
  ---
  duration_ms: 0.066834
  type: 'test'
  ...
# Subtest: express fee is additive on the lowest shipping tier
ok 7 - express fee is additive on the lowest shipping tier
  ---
  duration_ms: 0.058292
  type: 'test'
  ...
# Subtest: unknown region uses the 10% default tax
ok 8 - unknown region uses the 10% default tax
  ---
  duration_ms: 0.064041
  type: 'test'
  ...
# Subtest: cent rounding on fractional line totals
ok 9 - cent rounding on fractional line totals
  ---
  duration_ms: 0.408
  type: 'test'
  ...
# Subtest: basic US order with no coupon
ok 10 - basic US order with no coupon
  ---
  duration_ms: 0.969958
  type: 'test'
  ...
# Subtest: SAVE10 coupon applies 10%
ok 11 - SAVE10 coupon applies 10%
  ---
  duration_ms: 0.090375
  type: 'test'
  ...
# Subtest: HALF coupon for VIP applies 50%
ok 12 - HALF coupon for VIP applies 50%
  ---
  duration_ms: 0.13925
  type: 'test'
  ...
# Subtest: SAVE20 coupon depends on the subtotal threshold
ok 13 - SAVE20 coupon depends on the subtotal threshold
  ---
  duration_ms: 0.152167
  type: 'test'
  ...
# Subtest: VIP orders receive at least a 5% discount
ok 14 - VIP orders receive at least a 5% discount
  ---
  duration_ms: 0.091375
  type: 'test'
  ...
# Subtest: EU tax rate is 20%
ok 15 - EU tax rate is 20%
  ---
  duration_ms: 0.061875
  type: 'test'
  ...
# Subtest: unknown regions use default tax and express adds shipping
ok 16 - unknown regions use default tax and express adds shipping
  ---
  duration_ms: 0.135458
  type: 'test'
  ...
# Subtest: empty order still charges base shipping
ok 17 - empty order still charges base shipping
  ---
  duration_ms: 0.1415
  type: 'test'
  ...
1..17
# tests 17
# suites 0
# pass 17
# fail 0
# cancelled 0
# skipped 0
# todo 0
# duration_ms 77.275333
