
> case-002-async-race@1.0.0 test
> node --test

TAP version 13
# Subtest: concurrent gets for the same key call loader exactly once
ok 1 - concurrent gets for the same key call loader exactly once
  ---
  duration_ms: 22.188666
  type: 'test'
  ...
# Subtest: repeated concurrent bursts each load once on a fresh cache
ok 2 - repeated concurrent bursts each load once on a fresh cache
  ---
  duration_ms: 29.906833
  type: 'test'
  ...
# Subtest: different keys load concurrently, not serialized
ok 3 - different keys load concurrently, not serialized
  ---
  duration_ms: 31.105209
  type: 'test'
  ...
# Subtest: a failing loader is not cached and the next call retries
ok 4 - a failing loader is not cached and the next call retries
  ---
  duration_ms: 0.511167
  type: 'test'
  ...
# Subtest: all concurrent callers reject when the shared in-flight load fails
ok 5 - all concurrent callers reject when the shared in-flight load fails
  ---
  duration_ms: 11.819
  type: 'test'
  ...
# Subtest: loads then caches; a second sequential get does not reload
ok 6 - loads then caches; a second sequential get does not reload
  ---
  duration_ms: 0.577208
  type: 'test'
  ...
# Subtest: same-key concurrent gets share one in-flight load
ok 7 - same-key concurrent gets share one in-flight load
  ---
  duration_ms: 0.525833
  type: 'test'
  ...
# Subtest: clear() drops cached values
ok 8 - clear() drops cached values
  ---
  duration_ms: 0.553959
  type: 'test'
  ...
# Subtest: distinct keys load independently
ok 9 - distinct keys load independently
  ---
  duration_ms: 0.118416
  type: 'test'
  ...
# Subtest: different keys can load concurrently
ok 10 - different keys can load concurrently
  ---
  duration_ms: 0.219708
  type: 'test'
  ...
# Subtest: rejected loader is not cached and later get retries
ok 11 - rejected loader is not cached and later get retries
  ---
  duration_ms: 0.334417
  type: 'test'
  ...
1..11
# tests 11
# suites 0
# pass 11
# fail 0
# cancelled 0
# skipped 0
# todo 0
# duration_ms 160.592
