
> case-002-async-race@1.0.0 test
> node --test

TAP version 13
# Subtest: concurrent gets for the same key call loader exactly once
ok 1 - concurrent gets for the same key call loader exactly once
  ---
  duration_ms: 21.945916
  type: 'test'
  ...
# Subtest: repeated concurrent bursts each load once on a fresh cache
ok 2 - repeated concurrent bursts each load once on a fresh cache
  ---
  duration_ms: 29.348875
  type: 'test'
  ...
# Subtest: different keys load concurrently, not serialized
ok 3 - different keys load concurrently, not serialized
  ---
  duration_ms: 31
  type: 'test'
  ...
# Subtest: a failing loader is not cached and the next call retries
ok 4 - a failing loader is not cached and the next call retries
  ---
  duration_ms: 0.498542
  type: 'test'
  ...
# Subtest: all concurrent callers reject when the shared in-flight load fails
ok 5 - all concurrent callers reject when the shared in-flight load fails
  ---
  duration_ms: 11.792083
  type: 'test'
  ...
# Subtest: loads then caches; a second sequential get does not reload
ok 6 - loads then caches; a second sequential get does not reload
  ---
  duration_ms: 0.725417
  type: 'test'
  ...
# Subtest: clear() drops cached values
ok 7 - clear() drops cached values
  ---
  duration_ms: 0.105167
  type: 'test'
  ...
# Subtest: distinct keys load independently
ok 8 - distinct keys load independently
  ---
  duration_ms: 0.535333
  type: 'test'
  ...
# Subtest: coalesces concurrent gets for the same key
ok 9 - coalesces concurrent gets for the same key
  ---
  duration_ms: 0.480083
  type: 'test'
  ...
# Subtest: keeps different-key loads concurrent
ok 10 - keeps different-key loads concurrent
  ---
  duration_ms: 0.153125
  type: 'test'
  ...
# Subtest: does not cache rejected loads and retries later
ok 11 - does not cache rejected loads and retries later
  ---
  duration_ms: 0.392125
  type: 'test'
  ...
# Subtest: has() stays false while a load is pending and true after resolve
ok 12 - has() stays false while a load is pending and true after resolve
  ---
  duration_ms: 0.221625
  type: 'test'
  ...
# Subtest: clear() prevents pending loads from repopulating the cache
ok 13 - clear() prevents pending loads from repopulating the cache
  ---
  duration_ms: 0.116875
  type: 'test'
  ...
1..13
# tests 13
# suites 0
# pass 13
# fail 0
# cancelled 0
# skipped 0
# todo 0
# duration_ms 158.937417
