
> underspec-deepmerge@1.0.0 test
> node --test

TAP version 13
# Subtest: deep-merges nested objects instead of shallow overwrite
ok 1 - deep-merges nested objects instead of shallow overwrite
  ---
  duration_ms: 0.919625
  type: 'test'
  ...
# Subtest: does not pollute via a __proto__ key
ok 2 - does not pollute via a __proto__ key
  ---
  duration_ms: 0.124375
  type: 'test'
  ...
# Subtest: null or undefined source returns the target values unchanged
ok 3 - null or undefined source returns the target values unchanged
  ---
  duration_ms: 0.132333
  type: 'test'
  ...
# Subtest: object replaces primitive and primitive replaces object
ok 4 - object replaces primitive and primitive replaces object
  ---
  duration_ms: 0.14275
  type: 'test'
  ...
# Subtest: merges two flat objects; source overrides target
ok 5 - merges two flat objects; source overrides target
  ---
  duration_ms: 0.9455
  type: 'test'
  ...
# Subtest: recursively merges nested plain objects into the target object
ok 6 - recursively merges nested plain objects into the target object
  ---
  duration_ms: 0.182542
  type: 'test'
  ...
# Subtest: replaces non-plain source values instead of descending into them
ok 7 - replaces non-plain source values instead of descending into them
  ---
  duration_ms: 0.14575
  type: 'test'
  ...
1..7
# tests 7
# suites 0
# pass 7
# fail 0
# cancelled 0
# skipped 0
# todo 0
# duration_ms 69.33125
