
> underspec-deepmerge@1.0.0 test
> node --test

TAP version 13
# Subtest: recursively merges nested objects into the target object
ok 1 - recursively merges nested objects into the target object
  ---
  duration_ms: 0.904125
  type: 'test'
  ...
# Subtest: source arrays, null, and primitives replace target values
ok 2 - source arrays, null, and primitives replace target values
  ---
  duration_ms: 0.095625
  type: 'test'
  ...
# Subtest: does not merge __proto__ into the target prototype
ok 3 - does not merge __proto__ into the target prototype
  ---
  duration_ms: 0.1385
  type: 'test'
  ...
# Subtest: deep-merges nested objects instead of shallow overwrite
ok 4 - deep-merges nested objects instead of shallow overwrite
  ---
  duration_ms: 0.867917
  type: 'test'
  ...
# Subtest: does not pollute via a __proto__ key
ok 5 - does not pollute via a __proto__ key
  ---
  duration_ms: 0.112292
  type: 'test'
  ...
# Subtest: null or undefined source returns the target values unchanged
not ok 6 - null or undefined source returns the target values unchanged
  ---
  duration_ms: 0.093917
  type: 'test'
  location: '/private/tmp/sg-skill-effect-eval.kHqG5I/iteration-1/underspec-deepmerge/old_skill/score/test/merge.hidden.test.mjs:15:1'
  failureType: 'testCodeFailure'
  error: 'Cannot convert undefined or null to object'
  code: 'ERR_TEST_FAILURE'
  name: 'TypeError'
  stack: |-
    Function.keys (<anonymous>)
    deepMerge (file:///private/tmp/sg-skill-effect-eval.kHqG5I/iteration-1/underspec-deepmerge/old_skill/score/src/merge.mjs:2:28)
    TestContext.<anonymous> (file:///private/tmp/sg-skill-effect-eval.kHqG5I/iteration-1/underspec-deepmerge/old_skill/score/test/merge.hidden.test.mjs:16:20)
    Test.runInAsyncScope (node:async_hooks:214:14)
    Test.run (node:internal/test_runner/test:1047:25)
    Test.processPendingSubtests (node:internal/test_runner/test:744:18)
    Test.postRun (node:internal/test_runner/test:1173:19)
    Test.run (node:internal/test_runner/test:1101:12)
    async Test.processPendingSubtests (node:internal/test_runner/test:744:7)
  ...
# Subtest: object replaces primitive and primitive replaces object
ok 7 - object replaces primitive and primitive replaces object
  ---
  duration_ms: 0.084
  type: 'test'
  ...
# Subtest: merges two flat objects; source overrides target
ok 8 - merges two flat objects; source overrides target
  ---
  duration_ms: 0.776334
  type: 'test'
  ...
1..8
# tests 8
# suites 0
# pass 7
# fail 1
# cancelled 0
# skipped 0
# todo 0
# duration_ms 67.809292
