
> underspec-deepmerge@1.0.0 test
> node --test

TAP version 13
# Subtest: deep-merges nested objects instead of shallow overwrite
ok 1 - deep-merges nested objects instead of shallow overwrite
  ---
  duration_ms: 0.971084
  type: 'test'
  ...
# Subtest: does not pollute via a __proto__ key
ok 2 - does not pollute via a __proto__ key
  ---
  duration_ms: 0.126125
  type: 'test'
  ...
# Subtest: null or undefined source returns the target values unchanged
ok 3 - null or undefined source returns the target values unchanged
  ---
  duration_ms: 0.137084
  type: 'test'
  ...
# Subtest: object replaces primitive and primitive replaces object
ok 4 - object replaces primitive and primitive replaces object
  ---
  duration_ms: 0.155667
  type: 'test'
  ...
# Subtest: recursively merges nested plain objects and returns target
ok 5 - recursively merges nested plain objects and returns target
  ---
  duration_ms: 0.955042
  type: 'test'
  ...
# Subtest: replaces arrays and nulls instead of recursing into them
ok 6 - replaces arrays and nulls instead of recursing into them
  ---
  duration_ms: 0.172125
  type: 'test'
  ...
# Subtest: copies source-only nested objects without sharing source references
ok 7 - copies source-only nested objects without sharing source references
  ---
  duration_ms: 0.151
  type: 'test'
  ...
# Subtest: keeps __proto__ as data without mutating prototypes
ok 8 - keeps __proto__ as data without mutating prototypes
  ---
  duration_ms: 0.167458
  type: 'test'
  ...
# Subtest: merges two flat objects; source overrides target
ok 9 - merges two flat objects; source overrides target
  ---
  duration_ms: 0.868292
  type: 'test'
  ...
1..9
# tests 9
# suites 0
# pass 9
# fail 0
# cancelled 0
# skipped 0
# todo 0
# duration_ms 83.25525
